[ 2015-10-27T00:37:48+08:00 ] 127.0.0.1 /index.php?g=&m=AdminTerm&a=edit_post
INFO: [ app_begin ] --START--
INFO: Run Behavior\ReadHtmlCacheBehavior [ RunTime:0.001001s ]
INFO: Run Behavior\CheckLangBehavior [ RunTime:0.001000s ]
INFO: [ app_begin ] --END-- [ RunTime:0.003001s ]
SQL: SHOW COLUMNS FROM `y_users` [ RunTime:0.0050s ]
SQL: SELECT * FROM `y_users` WHERE ( id=1 ) LIMIT 1   [ RunTime:0.0010s ]
SQL: SHOW COLUMNS FROM `y_terms` [ RunTime:0.0040s ]
SQL: UPDATE `y_terms` SET `parent`='0',`name`='案例故事',`description`='',`taxonomy`='article',`seo_title`='',`seo_keywords`='',`seo_description`='',`list_tpl`='list',`one_tpl`='article' WHERE `term_id` = '1' [ RunTime:0.0010s ]
SQL: UPDATE `y_terms` SET `path`='0-1' WHERE ( term_id=1 ) [ RunTime:0.0000s ]

[ 2015-10-27T00:44:09+08:00 ] 127.0.0.1 /index.php?g=&m=AdminTerm&a=edit_post
INFO: [ app_begin ] --START--
INFO: Run Behavior\ReadHtmlCacheBehavior [ RunTime:0.001000s ]
INFO: Run Behavior\CheckLangBehavior [ RunTime:0.001000s ]
INFO: [ app_begin ] --END-- [ RunTime:0.003000s ]
SQL: SHOW COLUMNS FROM `y_users` [ RunTime:0.0050s ]
SQL: SELECT * FROM `y_users` WHERE ( id=1 ) LIMIT 1   [ RunTime:0.0010s ]
SQL: SHOW COLUMNS FROM `y_terms` [ RunTime:0.0060s ]
SQL: UPDATE `y_terms` SET `parent`='0',`name`='非案例故事',`description`='',`taxonomy`='article',`seo_title`='',`seo_keywords`='',`seo_description`='',`list_tpl`='list_masonry',`one_tpl`='article' WHERE `term_id` = '2' [ RunTime:0.0000s ]
SQL: UPDATE `y_terms` SET `path`='0-2' WHERE ( term_id=2 ) [ RunTime:0.0000s ]

[ 2015-10-27T20:43:00+08:00 ] 127.0.0.1 /users/login
ERR: 无法加载控制器:Users

[ 2015-10-27T20:43:14+08:00 ] 127.0.0.1 /users/login
ERR: 无法加载控制器:Users

[ 2015-10-27T20:43:31+08:00 ] 127.0.0.1 /users/login
ERR: 无法加载控制器:Users

[ 2015-10-27T21:40:33+08:00 ] 127.0.0.1 /wish_map?
ERR: 无法加载控制器:Wish_map

