[ 2015-11-01T15:21:06+08:00 ] 127.0.0.1 /index.php?g=Admin&m=public&a=dologin
INFO: [ app_begin ] --START--
INFO: Run Behavior\ReadHtmlCacheBehavior [ RunTime:0.000000s ]
INFO: Run Behavior\CheckLangBehavior [ RunTime:0.001000s ]
INFO: [ app_begin ] --END-- [ RunTime:0.002000s ]
SQL: SHOW COLUMNS FROM `y_users` [ RunTime:0.0200s ]
SQL: SELECT * FROM `y_users` WHERE `user_login` = 'admin' LIMIT 1   [ RunTime:0.0140s ]
SQL: SHOW COLUMNS FROM `y_role_user` [ RunTime:0.0210s ]
SQL: SELECT `role_id` FROM y_role_user a INNER JOIN y_role as b on a.role_id =b.id  WHERE `user_id` = '1' AND `status` = 1  [ RunTime:0.0230s ]
SQL: UPDATE `y_users` SET `user_login`='admin',`user_pass`='ff108b961a8421232f297a57a5a743894a0e4a801fc36f8e',`user_nicename`='admin',`user_email`='260658065@qq.com',`user_url`='',`avatar`=NULL,`sex`='0',`birthday`=NULL,`signature`=NULL,`last_login_ip`='127.0.0.1',`last_login_time`='2015-11-01 15:21:06',`create_time`='2015-09-26 06:17:41',`user_activation_key`='',`user_status`='1',`score`='0',`user_type`='1',`mobile`=NULL,`title`=NULL,`word`=NULL,`travel_maker`='0',`story_id`='0',`is_top`='0',`get_like`='0' WHERE `id` = '1' [ RunTime:0.0000s ]

[ 2015-11-01T15:21:18+08:00 ] 127.0.0.1 /index.php?g=Admin&m=Menu&a=index&menuid=100
NOTIC: D方法实例化没找到模型类Common\Model\AuthRuleModel

[ 2015-11-01T15:21:24+08:00 ] 127.0.0.1 /index.php?g=Admin&m=Menu&a=add&parentid=1&menuid=100
NOTIC: D方法实例化没找到模型类Common\Model\AuthRuleModel

[ 2015-11-01T15:21:40+08:00 ] 127.0.0.1 /index.php?g=Admin&m=menu&a=index
NOTIC: D方法实例化没找到模型类Common\Model\AuthRuleModel

[ 2015-11-01T15:21:48+08:00 ] 127.0.0.1 /index.php?g=Admin&m=Menu&a=edit&id=2
NOTIC: D方法实例化没找到模型类Common\Model\AuthRuleModel

[ 2015-11-01T15:23:22+08:00 ] 127.0.0.1 /index.php?g=Admin&m=Menu&a=add&parentid=1
NOTIC: D方法实例化没找到模型类Common\Model\AuthRuleModel

[ 2015-11-01T15:24:44+08:00 ] 127.0.0.1 /index.php?g=Admin&m=Menu&a=add_post
INFO: [ app_begin ] --START--
INFO: Run Behavior\ReadHtmlCacheBehavior [ RunTime:0.000000s ]
INFO: Run Behavior\CheckLangBehavior [ RunTime:0.001000s ]
INFO: [ app_begin ] --END-- [ RunTime:0.001000s ]
SQL: SHOW COLUMNS FROM `y_users` [ RunTime:0.0050s ]
SQL: SELECT * FROM `y_users` WHERE ( id=1 ) LIMIT 1   [ RunTime:0.0020s ]
SQL: SHOW COLUMNS FROM `y_menu` [ RunTime:0.0040s ]
NOTIC: D方法实例化没找到模型类Common\Model\AuthRuleModel
SQL: SHOW COLUMNS FROM `y_auth_rule` [ RunTime:0.0050s ]
SQL: SELECT * FROM `y_menu` WHERE `app` = 'Admin' AND `model` = 'area' AND `action` = 'index' LIMIT 1   [ RunTime:0.0010s ]
SQL: SELECT `parentid` FROM `y_menu` WHERE `id` = 1 LIMIT 1   [ RunTime:0.0000s ]
SQL: INSERT INTO `y_menu` (`parentid`,`name`,`app`,`model`,`action`,`data`,`icon`,`remark`,`status`,`type`) VALUES ('1','区域管理','Admin','area','index','','','','1','1') [ RunTime:0.0010s ]
SQL: SELECT * FROM `y_auth_rule` WHERE `name` = 'admin/area/index' LIMIT 1   [ RunTime:0.0480s ]
SQL: INSERT INTO `y_auth_rule` (`name`,`module`,`type`,`title`) VALUES ('admin/area/index','Admin','admin_url','区域管理') [ RunTime:0.0010s ]

[ 2015-11-01T15:24:44+08:00 ] 127.0.0.1 /index.php?g=Admin&m=Menu&a=index
NOTIC: D方法实例化没找到模型类Common\Model\AuthRuleModel

[ 2015-11-01T15:26:02+08:00 ] 127.0.0.1 /index.php?g=Admin&m=Menu&a=add&parentid=1
NOTIC: D方法实例化没找到模型类Common\Model\AuthRuleModel

[ 2015-11-01T15:28:17+08:00 ] 127.0.0.1 /index.php?g=Admin&m=Menu&a=add_post
INFO: [ app_begin ] --START--
INFO: Run Behavior\ReadHtmlCacheBehavior [ RunTime:0.001000s ]
INFO: Run Behavior\CheckLangBehavior [ RunTime:0.001000s ]
INFO: [ app_begin ] --END-- [ RunTime:0.002000s ]
SQL: SHOW COLUMNS FROM `y_users` [ RunTime:0.0050s ]
SQL: SELECT * FROM `y_users` WHERE ( id=1 ) LIMIT 1   [ RunTime:0.0010s ]
SQL: SHOW COLUMNS FROM `y_menu` [ RunTime:0.0040s ]
NOTIC: D方法实例化没找到模型类Common\Model\AuthRuleModel
SQL: SHOW COLUMNS FROM `y_auth_rule` [ RunTime:0.0050s ]
SQL: SELECT * FROM `y_menu` WHERE `app` = 'Admin' AND `model` = 'destination' AND `action` = 'index' LIMIT 1   [ RunTime:0.0010s ]
SQL: SELECT `parentid` FROM `y_menu` WHERE `id` = 1 LIMIT 1   [ RunTime:0.0000s ]
SQL: INSERT INTO `y_menu` (`parentid`,`name`,`app`,`model`,`action`,`data`,`icon`,`remark`,`status`,`type`) VALUES ('1','目的地管理','Admin','destination','index','','','','1','1') [ RunTime:0.0000s ]
SQL: SELECT * FROM `y_auth_rule` WHERE `name` = 'admin/destination/index' LIMIT 1   [ RunTime:0.0000s ]
SQL: INSERT INTO `y_auth_rule` (`name`,`module`,`type`,`title`) VALUES ('admin/destination/index','Admin','admin_url','目的地管理') [ RunTime:0.0010s ]

[ 2015-11-01T15:28:17+08:00 ] 127.0.0.1 /index.php?g=Admin&m=Menu&a=index
NOTIC: D方法实例化没找到模型类Common\Model\AuthRuleModel

[ 2015-11-01T15:28:29+08:00 ] 127.0.0.1 /index.php?g=Admin&m=Area&a=index&menuid=162
ERR: 无法加载控制器:Area

[ 2015-11-01T15:28:39+08:00 ] 127.0.0.1 /index.php?g=Admin&m=Destination&a=index&menuid=163
ERR: 无法加载控制器:Destination

[ 2015-11-01T19:51:42+08:00 ] 127.0.0.1 /index.php?g=Admin&m=Destination&a=index&menuid=163
ERR: 无法加载控制器:Destination

[ 2015-11-01T19:52:38+08:00 ] 127.0.0.1 /index.php?g=Admin&m=Destination&a=index&menuid=163
ERR: 无法加载控制器:Destination

[ 2015-11-01T21:16:31+08:00 ] 127.0.0.1 /index.php?g=Admin&m=AdminTerm&a=edit_post
INFO: [ app_begin ] --START--
INFO: Run Behavior\ReadHtmlCacheBehavior [ RunTime:0.001000s ]
INFO: Run Behavior\CheckLangBehavior [ RunTime:0.001000s ]
INFO: [ app_begin ] --END-- [ RunTime:0.002000s ]
ERR: 无法加载控制器:AdminTerm

[ 2015-11-01T21:18:30+08:00 ] 127.0.0.1 /index.php?g=Admin&m=Area&a=edit_post
INFO: [ app_begin ] --START--
INFO: Run Behavior\ReadHtmlCacheBehavior [ RunTime:0.001000s ]
INFO: Run Behavior\CheckLangBehavior [ RunTime:0.001000s ]
INFO: [ app_begin ] --END-- [ RunTime:0.002000s ]
SQL: SHOW COLUMNS FROM `y_users` [ RunTime:0.0040s ]
SQL: SELECT * FROM `y_users` WHERE ( id=1 ) LIMIT 1   [ RunTime:0.0000s ]
SQL: SHOW COLUMNS FROM `y_area` [ RunTime:0.0040s ]

[ 2015-11-01T21:18:38+08:00 ] 127.0.0.1 /index.php?g=Admin&m=Area&a=edit_post
INFO: [ app_begin ] --START--
INFO: Run Behavior\ReadHtmlCacheBehavior [ RunTime:0.001000s ]
INFO: Run Behavior\CheckLangBehavior [ RunTime:0.001000s ]
INFO: [ app_begin ] --END-- [ RunTime:0.002000s ]
SQL: SHOW COLUMNS FROM `y_users` [ RunTime:0.0050s ]
SQL: SELECT * FROM `y_users` WHERE ( id=1 ) LIMIT 1   [ RunTime:0.0010s ]
SQL: SHOW COLUMNS FROM `y_area` [ RunTime:0.0040s ]

[ 2015-11-01T21:19:20+08:00 ] 127.0.0.1 /index.php?g=Admin&m=Area&a=edit_post
INFO: [ app_begin ] --START--
INFO: Run Behavior\ReadHtmlCacheBehavior [ RunTime:0.000000s ]
INFO: Run Behavior\CheckLangBehavior [ RunTime:0.001000s ]
INFO: [ app_begin ] --END-- [ RunTime:0.003000s ]
SQL: SHOW COLUMNS FROM `y_users` [ RunTime:0.0050s ]
SQL: SELECT * FROM `y_users` WHERE ( id=1 ) LIMIT 1   [ RunTime:0.0010s ]
SQL: SHOW COLUMNS FROM `y_area` [ RunTime:0.0060s ]

[ 2015-11-01T21:19:31+08:00 ] 127.0.0.1 /index.php?g=Admin&m=Area&a=edit_post
INFO: [ app_begin ] --START--
INFO: Run Behavior\ReadHtmlCacheBehavior [ RunTime:0.001000s ]
INFO: Run Behavior\CheckLangBehavior [ RunTime:0.001000s ]
INFO: [ app_begin ] --END-- [ RunTime:0.003000s ]
SQL: SHOW COLUMNS FROM `y_users` [ RunTime:0.0050s ]
SQL: SELECT * FROM `y_users` WHERE ( id=1 ) LIMIT 1   [ RunTime:0.0010s ]
SQL: SHOW COLUMNS FROM `y_area` [ RunTime:0.0050s ]

[ 2015-11-01T21:20:11+08:00 ] 127.0.0.1 /index.php?g=Admin&m=Area&a=edit_post
INFO: [ app_begin ] --START--
INFO: Run Behavior\ReadHtmlCacheBehavior [ RunTime:0.001000s ]
INFO: Run Behavior\CheckLangBehavior [ RunTime:0.001000s ]
INFO: [ app_begin ] --END-- [ RunTime:0.002000s ]
SQL: SHOW COLUMNS FROM `y_users` [ RunTime:0.0040s ]
SQL: SELECT * FROM `y_users` WHERE ( id=1 ) LIMIT 1   [ RunTime:0.0010s ]
SQL: SHOW COLUMNS FROM `y_area` [ RunTime:0.0050s ]
SQL: UPDATE `y_area` SET `name`='欧洲',`full_name`='Europe',`day`='7-90天',`season`='一年四季',`cost`='28220.00',`lon`='19.699453',`lat`='51.745940',`icon`='' WHERE `id` = 1 [ RunTime:0.1720s ]

[ 2015-11-01T21:20:26+08:00 ] 127.0.0.1 /index.php?g=Admin&m=Area&a=edit_post
INFO: [ app_begin ] --START--
INFO: Run Behavior\ReadHtmlCacheBehavior [ RunTime:0.001000s ]
INFO: Run Behavior\CheckLangBehavior [ RunTime:0.001000s ]
INFO: [ app_begin ] --END-- [ RunTime:0.002000s ]
SQL: SHOW COLUMNS FROM `y_users` [ RunTime:0.0040s ]
SQL: SELECT * FROM `y_users` WHERE ( id=1 ) LIMIT 1   [ RunTime:0.0000s ]
SQL: SHOW COLUMNS FROM `y_area` [ RunTime:0.0050s ]
SQL: UPDATE `y_area` SET `name`='欧洲',`full_name`='Europe',`day`='7-90天',`season`='一年四季',`cost`='28220.00',`lon`='19.699453',`lat`='51.745940',`icon`='' WHERE `id` = 1 [ RunTime:0.1200s ]

[ 2015-11-01T21:20:30+08:00 ] 127.0.0.1 /index.php?g=Admin&m=Area&a=edit_post
INFO: [ app_begin ] --START--
INFO: Run Behavior\ReadHtmlCacheBehavior [ RunTime:0.001000s ]
INFO: Run Behavior\CheckLangBehavior [ RunTime:0.000000s ]
INFO: [ app_begin ] --END-- [ RunTime:0.001000s ]
SQL: SHOW COLUMNS FROM `y_users` [ RunTime:0.0050s ]
SQL: SELECT * FROM `y_users` WHERE ( id=1 ) LIMIT 1   [ RunTime:0.0010s ]
SQL: SHOW COLUMNS FROM `y_area` [ RunTime:0.0050s ]
SQL: UPDATE `y_area` SET `name`='欧洲',`full_name`='Europe',`day`='7-90天',`season`='一年四季',`cost`='28220.00',`lon`='19.699453',`lat`='51.745940',`icon`='' WHERE `id` = 1 [ RunTime:0.1370s ]

[ 2015-11-01T21:30:38+08:00 ] 127.0.0.1 /index.php?g=Admin&m=Area&a=edit_post
INFO: [ app_begin ] --START--
INFO: Run Behavior\ReadHtmlCacheBehavior [ RunTime:0.001000s ]
INFO: Run Behavior\CheckLangBehavior [ RunTime:0.001000s ]
INFO: [ app_begin ] --END-- [ RunTime:0.003000s ]
SQL: SHOW COLUMNS FROM `y_users` [ RunTime:0.0050s ]
SQL: SELECT * FROM `y_users` WHERE ( id=1 ) LIMIT 1   [ RunTime:0.0000s ]
SQL: SHOW COLUMNS FROM `y_area` [ RunTime:0.0040s ]
SQL: UPDATE `y_area` SET `name`='欧洲',`full_name`='Europe',`day`='7-90天',`season`='一年四季',`cost`='28220.00',`lon`='19.699453',`lat`='51.745940',`icon`='' WHERE `id` = 1 [ RunTime:0.1100s ]

[ 2015-11-01T21:31:40+08:00 ] 127.0.0.1 /index.php?g=Admin&m=Area&a=edit_post
INFO: [ app_begin ] --START--
INFO: Run Behavior\ReadHtmlCacheBehavior [ RunTime:0.000000s ]
INFO: Run Behavior\CheckLangBehavior [ RunTime:0.001000s ]
INFO: [ app_begin ] --END-- [ RunTime:0.001000s ]
SQL: SHOW COLUMNS FROM `y_users` [ RunTime:0.0050s ]
SQL: SELECT * FROM `y_users` WHERE ( id=1 ) LIMIT 1   [ RunTime:0.0010s ]
SQL: SHOW COLUMNS FROM `y_area` [ RunTime:0.0050s ]
SQL: UPDATE `y_area` SET `pid`='0',`name`='欧洲',`full_name`='Europe',`day`='7-90天',`season`='一年四季',`cost`='28220.00',`lon`='19.699453',`lat`='51.745940',`icon`='' WHERE `id` = 1 [ RunTime:0.0740s ]
SQL: UPDATE `y_area` SET `path`='0-1' WHERE ( id=1 ) [ RunTime:0.0980s ]
SQL: SELECT * FROM `y_area` WHERE `pid` = 1  [ RunTime:0.0000s ]

[ 2015-11-01T22:37:26+08:00 ] 127.0.0.1 /index.php?g=Admin&m=Area&a=add_post
INFO: [ app_begin ] --START--
INFO: Run Behavior\ReadHtmlCacheBehavior [ RunTime:0.002000s ]
INFO: Run Behavior\CheckLangBehavior [ RunTime:0.003000s ]
INFO: [ app_begin ] --END-- [ RunTime:0.006000s ]
SQL: SHOW COLUMNS FROM `y_users` [ RunTime:0.0050s ]
SQL: SELECT * FROM `y_users` WHERE ( id=1 ) LIMIT 1   [ RunTime:0.0000s ]
SQL: SHOW COLUMNS FROM `y_area` [ RunTime:0.0050s ]
SQL: INSERT INTO `y_area` (`pid`,`name`,`day`,`season`,`cost`,`lon`,`lat`,`icon`) VALUES ('1','English','7-90天','一年四季','27600','-2','54.841679','/data/upload/5636239dd95e4.jpg') [ RunTime:0.1170s ]
SQL: SELECT * FROM `y_area` WHERE ( id=1 ) LIMIT 1   [ RunTime:0.0010s ]
SQL: UPDATE `y_area` SET `path`='0-1-2' WHERE ( id=2 ) [ RunTime:0.0980s ]

[ 2015-11-01T22:37:41+08:00 ] 127.0.0.1 /index.php?g=Admin&m=Area&a=edit_post
INFO: [ app_begin ] --START--
INFO: Run Behavior\ReadHtmlCacheBehavior [ RunTime:0.001000s ]
INFO: Run Behavior\CheckLangBehavior [ RunTime:0.003000s ]
INFO: [ app_begin ] --END-- [ RunTime:0.005000s ]
SQL: SHOW COLUMNS FROM `y_users` [ RunTime:0.0040s ]
SQL: SELECT * FROM `y_users` WHERE ( id=1 ) LIMIT 1   [ RunTime:0.0010s ]
SQL: SHOW COLUMNS FROM `y_area` [ RunTime:0.0040s ]
SQL: UPDATE `y_area` SET `pid`='1',`name`='英国',`full_name`='English',`day`='7-90天',`season`='一年四季',`cost`='27600.00',`lon`='-2.000000',`lat`='54.841679',`icon`='/data/upload/5636239dd95e4.jpg' WHERE `id` = 2 [ RunTime:0.1200s ]
SQL: SELECT * FROM `y_area` WHERE ( id=2 ) LIMIT 1   [ RunTime:0.0010s ]
SQL: UPDATE `y_area` SET `path`='0-1-2-2' WHERE ( id=2 ) [ RunTime:0.0890s ]
SQL: SELECT * FROM `y_area` WHERE `pid` = 2  [ RunTime:0.0010s ]

[ 2015-11-01T22:40:32+08:00 ] 127.0.0.1 /index.php?g=Admin&m=Destination&a=index&menuid=163
ERR: 无法加载控制器:Destination

[ 2015-11-01T22:43:47+08:00 ] 127.0.0.1 /index.php?g=Admin&m=Destination&a=index&menuid=163
ERR: 无法加载控制器:Destination

[ 2015-11-01T22:43:53+08:00 ] 127.0.0.1 /index.php?g=Admin&m=Destination&a=index&menuid=163
ERR: 无法加载控制器:Destination

[ 2015-11-01T23:35:34+08:00 ] 127.0.0.1 /index.php?g=Admin&m=Area&a=add_post
INFO: [ app_begin ] --START--
INFO: Run Behavior\ReadHtmlCacheBehavior [ RunTime:0.000000s ]
INFO: Run Behavior\CheckLangBehavior [ RunTime:0.001000s ]
INFO: [ app_begin ] --END-- [ RunTime:0.002001s ]
SQL: SHOW COLUMNS FROM `y_users` [ RunTime:0.0060s ]
SQL: SELECT * FROM `y_users` WHERE ( id=1 ) LIMIT 1   [ RunTime:0.0010s ]
SQL: SHOW COLUMNS FROM `y_area` [ RunTime:0.0040s ]
SQL: INSERT INTO `y_area` (`pid`,`name`,`full_name`,`day`,`season`,`cost`,`lon`,`lat`,`icon`) VALUES ('0','大师傅','爱的发的','123第三方士大夫','213啊','21324','','','') [ RunTime:0.1640s ]
SQL: UPDATE `y_area` SET `path`='0-3' WHERE ( id=3 ) [ RunTime:0.0900s ]

[ 2015-11-01T23:35:39+08:00 ] 127.0.0.1 /index.php?g=Admin&m=Area&a=delete&id=3
INFO: [ app_begin ] --START--
INFO: Run Behavior\ReadHtmlCacheBehavior [ RunTime:0.001000s ]
INFO: Run Behavior\CheckLangBehavior [ RunTime:0.001000s ]
INFO: [ app_begin ] --END-- [ RunTime:0.002000s ]
SQL: SHOW COLUMNS FROM `y_users` [ RunTime:0.0050s ]
SQL: SELECT * FROM `y_users` WHERE ( id=1 ) LIMIT 1   [ RunTime:0.0010s ]
SQL: SHOW COLUMNS FROM `y_area` [ RunTime:0.0040s ]
SQL: SELECT COUNT(*) AS tp_count FROM `y_area` LIMIT 1   [ RunTime:0.0000s ]

[ 2015-11-01T23:36:23+08:00 ] 127.0.0.1 /index.php?g=Admin&m=Area&a=delete&id=3
INFO: [ app_begin ] --START--
INFO: Run Behavior\ReadHtmlCacheBehavior [ RunTime:0.001000s ]
INFO: Run Behavior\CheckLangBehavior [ RunTime:0.000000s ]
INFO: [ app_begin ] --END-- [ RunTime:0.001000s ]
SQL: SHOW COLUMNS FROM `y_users` [ RunTime:0.0050s ]
SQL: SELECT * FROM `y_users` WHERE ( id=1 ) LIMIT 1   [ RunTime:0.0010s ]
SQL: SHOW COLUMNS FROM `y_area` [ RunTime:0.0040s ]
SQL: SELECT COUNT(*) AS tp_count FROM `y_area` WHERE `pid` = 3 LIMIT 1   [ RunTime:0.0010s ]
SQL: DELETE FROM `y_area` WHERE `id` = 3 [ RunTime:0.1350s ]

[ 2015-11-01T23:36:54+08:00 ] 127.0.0.1 /index.php?g=Admin&m=Area&a=edit_post
INFO: [ app_begin ] --START--
INFO: Run Behavior\ReadHtmlCacheBehavior [ RunTime:0.000000s ]
INFO: Run Behavior\CheckLangBehavior [ RunTime:0.001000s ]
INFO: [ app_begin ] --END-- [ RunTime:0.002000s ]
SQL: SHOW COLUMNS FROM `y_users` [ RunTime:0.0050s ]
SQL: SELECT * FROM `y_users` WHERE ( id=1 ) LIMIT 1   [ RunTime:0.0010s ]
SQL: SHOW COLUMNS FROM `y_area` [ RunTime:0.0050s ]
SQL: UPDATE `y_area` SET `pid`='1',`name`='英国',`full_name`='English',`day`='7-90天',`season`='一年四季',`cost`='27600.00',`lon`='-2.000000',`lat`='54.841679',`icon`='/data/upload/5636239dd95e4.jpg' WHERE `id` = 2 [ RunTime:0.1120s ]
SQL: SELECT * FROM `y_area` WHERE ( id=2 ) LIMIT 1   [ RunTime:0.0000s ]
SQL: UPDATE `y_area` SET `path`='0-1-2-2-2' WHERE ( id=2 ) [ RunTime:0.0900s ]
SQL: SELECT * FROM `y_area` WHERE `pid` = 2  [ RunTime:0.0010s ]

[ 2015-11-01T23:42:32+08:00 ] 127.0.0.1 /index.php?g=Admin&m=Area&a=edit_post
INFO: [ app_begin ] --START--
INFO: Run Behavior\ReadHtmlCacheBehavior [ RunTime:0.000000s ]
INFO: Run Behavior\CheckLangBehavior [ RunTime:0.001000s ]
INFO: [ app_begin ] --END-- [ RunTime:0.002000s ]
SQL: SHOW COLUMNS FROM `y_users` [ RunTime:0.0050s ]
SQL: SELECT * FROM `y_users` WHERE ( id=1 ) LIMIT 1   [ RunTime:0.0000s ]
SQL: SHOW COLUMNS FROM `y_area` [ RunTime:0.0040s ]
SQL: UPDATE `y_area` SET `pid`='1',`name`='英国',`full_name`='English',`day`='7-90天',`season`='一年四季',`cost`='27600.00',`lon`='-2.000000',`lat`='54.841679',`icon`='/data/upload/5636239dd95e4.jpg' WHERE `id` = 2 [ RunTime:0.1170s ]
SQL: SELECT * FROM `y_area` WHERE ( id=1 ) LIMIT 1   [ RunTime:0.0010s ]
SQL: UPDATE `y_area` SET `path`='0-1-2' WHERE ( id=2 ) [ RunTime:0.0900s ]
SQL: SELECT * FROM `y_area` WHERE `pid` = 2  [ RunTime:0.0010s ]

