[ 2015-10-29T20:06:10+08:00 ] 127.0.0.1 /index.php?g=Admin&m=public&a=dologin
INFO: [ app_begin ] --START--
INFO: Run Behavior\ReadHtmlCacheBehavior [ RunTime:0.001000s ]
INFO: Run Behavior\CheckLangBehavior [ RunTime:0.001000s ]
INFO: [ app_begin ] --END-- [ RunTime:0.002000s ]
SQL: SHOW COLUMNS FROM `y_users` [ RunTime:0.0050s ]
SQL: SELECT * FROM `y_users` WHERE `user_login` = 'admin' LIMIT 1   [ RunTime:0.0260s ]
SQL: SHOW COLUMNS FROM `y_role_user` [ RunTime:0.0170s ]
SQL: SELECT `role_id` FROM y_role_user a INNER JOIN y_role as b on a.role_id =b.id  WHERE `user_id` = '1' AND `status` = 1  [ RunTime:0.0240s ]
SQL: UPDATE `y_users` SET `user_login`='admin',`user_pass`='ff108b961a8421232f297a57a5a743894a0e4a801fc36f8e',`user_nicename`='admin',`user_email`='260658065@qq.com',`user_url`='',`avatar`=NULL,`sex`='0',`birthday`=NULL,`signature`=NULL,`last_login_ip`='127.0.0.1',`last_login_time`='2015-10-29 20:06:10',`create_time`='2015-09-26 06:17:41',`user_activation_key`='',`user_status`='1',`score`='0',`user_type`='1',`mobile`=NULL WHERE `id` = '1' [ RunTime:0.0350s ]

[ 2015-10-29T23:48:00+08:00 ] 127.0.0.1 /index.php?g=Admin&m=Rbac&a=roleadd_post
INFO: [ app_begin ] --START--
INFO: Run Behavior\ReadHtmlCacheBehavior [ RunTime:0.001000s ]
INFO: Run Behavior\CheckLangBehavior [ RunTime:0.002000s ]
INFO: [ app_begin ] --END-- [ RunTime:0.004000s ]
SQL: SHOW COLUMNS FROM `y_users` [ RunTime:0.0040s ]
SQL: SELECT * FROM `y_users` WHERE ( id=1 ) LIMIT 1   [ RunTime:0.0010s ]
SQL: SHOW COLUMNS FROM `y_role` [ RunTime:0.0040s ]
SQL: INSERT INTO `y_role` (`name`,`remark`,`status`,`create_time`) VALUES ('定制师','','1','1446133680') [ RunTime:0.0000s ]

[ 2015-10-29T23:48:11+08:00 ] 127.0.0.1 /index.php?g=Admin&m=Rbac&a=authorize&id=2
NOTIC: D方法实例化没找到模型类Common\Model\AuthAccessModel

[ 2015-10-29T23:48:42+08:00 ] 127.0.0.1 /index.php?g=Admin&m=Rbac&a=authorize_post
NOTIC: D方法实例化没找到模型类Common\Model\AuthAccessModel

[ 2015-10-29T23:48:58+08:00 ] 127.0.0.1 /index.php?g=Admin&m=Rbac&a=roleedit_post
INFO: [ app_begin ] --START--
INFO: Run Behavior\ReadHtmlCacheBehavior [ RunTime:0.000000s ]
INFO: Run Behavior\CheckLangBehavior [ RunTime:0.002000s ]
INFO: [ app_begin ] --END-- [ RunTime:0.003001s ]
SQL: SHOW COLUMNS FROM `y_users` [ RunTime:0.0170s ]
SQL: SELECT * FROM `y_users` WHERE ( id=1 ) LIMIT 1   [ RunTime:0.0010s ]
SQL: SHOW COLUMNS FROM `y_role` [ RunTime:0.0040s ]
SQL: UPDATE `y_role` SET `name`='旅行定制师',`remark`='',`status`='1',`update_time`='1446133738' WHERE `id` = 2 [ RunTime:0.0010s ]

