[ 2015-11-02T01:11:56+08:00 ] 127.0.0.1 /index.php?g=Admin&m=User&a=userinfo_post
INFO: [ app_begin ] --START--
INFO: Run Behavior\ReadHtmlCacheBehavior [ RunTime:0.001000s ]
INFO: Run Behavior\CheckLangBehavior [ RunTime:0.000000s ]
INFO: [ app_begin ] --END-- [ RunTime:0.001000s ]
SQL: SHOW COLUMNS FROM `y_users` [ RunTime:0.0050s ]
SQL: SELECT * FROM `y_users` WHERE ( id=1 ) LIMIT 1   [ RunTime:0.0020s ]
SQL: SHOW COLUMNS FROM `y_users` [ RunTime:0.0040s ]
SQL: SHOW COLUMNS FROM `y_role` [ RunTime:0.0040s ]
SQL: UPDATE `y_users` SET `user_nicename`='admin',`sex`='0',`birthday`='',`user_url`='',`signature`='' WHERE `id` = '1' [ RunTime:0.0010s ]

[ 2015-11-02T02:21:57+08:00 ] 127.0.0.1 /index.php?g=Admin&m=AdminPost&a=edit_post
ERR: 无法加载控制器:AdminPost

[ 2015-11-02T02:23:14+08:00 ] 127.0.0.1 /index.php?g=Admin&m=AdminPost&a=edit_post
ERR: 无法加载控制器:AdminPost

[ 2015-11-02T02:30:13+08:00 ] 127.0.0.1 /index.php?g=Admin&m=Destination&a=delete&id=1
INFO: [ app_begin ] --START--
INFO: Run Behavior\ReadHtmlCacheBehavior [ RunTime:0.001000s ]
INFO: Run Behavior\CheckLangBehavior [ RunTime:0.001000s ]
INFO: [ app_begin ] --END-- [ RunTime:0.002000s ]
SQL: SHOW COLUMNS FROM `y_users` [ RunTime:0.0050s ]
SQL: SELECT * FROM `y_users` WHERE ( id=1 ) LIMIT 1   [ RunTime:0.0010s ]
SQL: SHOW COLUMNS FROM `y_destination` [ RunTime:0.0050s ]
SQL: SHOW COLUMNS FROM `y_area` [ RunTime:0.0040s ]
SQL: DELETE FROM `y_destination` WHERE ( id=1 ) [ RunTime:0.0000s ]

